Arguments: 
  C:\Program Files\nodejs\node.exe D:\yarn\bin\yarn.js add mocha chai webpack webpack-dev-server -D

PATH: 
  C:\Users\chentao\bin;C:\Program Files\Git\mingw64\bin;C:\Program Files\Git\usr\local\bin;C:\Program Files\Git\usr\bin;C:\Program Files\Git\usr\bin;C:\Program Files\Git\mingw64\bin;C:\Program Files\Git\usr\bin;C:\Users\chentao\bin;C:\Program Files (x86)\NVIDIA Corporation\PhysX\Common;C:\ProgramData\Oracle\Java\javapath;C:\WINDOWS\system32;C:\WINDOWS;C:\WINDOWS\System32\Wbem;C:\WINDOWS\System32\WindowsPowerShell\v1.0;C:\Program Files\Git\cmd;C:\Program Files\Java\jdk1.8.0_73\lib;C:\Program Files\Java\jdk1.8.0_73\lib\tools.jar;C:\Users\chentao\.dnx\bin;C:\Program Files\Microsoft DNX\Dnvm;D:\mysql-5.6.31-winx64\bin;D:\maven-3.3.9\bin;C:\Python27;C:\ProgramData\chocolatey\bin;D:\anaconda;D:\anaconda\Scripts;D:\anaconda\Library\bin;C:\Program Files\nodejs;D:\yarn\bin;C:\Users\chentao\AppData\Local\Programs\Python\Python35\Scripts;C:\Users\chentao\AppData\Local\Programs\Python\Python35;D:\VSCode\bin;D:\babun\.babun;C:\Users\chentao\AppData\Local\Microsoft\WindowsApps;D:\Egret Wing 3\bin;C:\Users\chentao\AppData\Roaming\npm;C:\Users\chentao\AppData\Local\Yarn\.bin;C:\Program Files\Git\usr\bin\vendor_perl;C:\Program Files\Git\usr\bin\core_perl

Yarn version: 
  0.23.2

Node version: 
  6.10.2

Platform: 
  win32 x64

npm manifest: 
  {
    "name": "Javascript-Test",
    "version": "1.0.0",
    "main": "index.js",
    "repository": "git@github.com:fatefan/Javascript-Test.git",
    "author": "fynn <iamfatefan000@gmail.com>",
    "license": "MIT"
  }

yarn manifest: 
  No manifest

Lockfile: 
  No lockfile

Trace: 
  Error: connect ETIMEDOUT 114.55.80.225:80
      at Object.exports._errnoException (util.js:1018:11)
      at exports._exceptionWithHostPort (util.js:1041:20)
      at TCPConnectWrap.afterConnect [as oncomplete] (net.js:1090:14)
